[2017-01-16 11:01:24] START
[2017-01-16 11:01:42] CREATE k2.py: 0
[2017-01-16 11:03:19] EDIT K2/controllers/k2.py: 1
[2017-01-16 11:10:48] EDIT K2/controllers/k2.py: 0
[2017-01-16 11:11:52] EDIT K2/controllers/k2.py: 1
[2017-01-16 11:13:34] EDIT K2/controllers/k2.py: 0
[2017-01-16 11:14:12] EDIT K2/controllers/k2.py: 0
[2017-01-16 11:15:37] EDIT K2/controllers/k2.py: 2
[2017-01-16 11:16:15] EDIT K2/controllers/k2.py: 0
[2017-01-16 11:16:58] EDIT K2/controllers/k2.py: 0
[2017-01-16 11:18:12] EDIT K2/controllers/k2.py: 2
[2017-01-16 11:18:53] EDIT K2/controllers/k2.py: 1
[2017-01-16 11:19:15] EDIT K2/controllers/k2.py: 1
[2017-01-16 11:20:08] EDIT K2/controllers/k2.py: 0
[2017-01-16 11:22:13] EDIT K2/controllers/k2.py: 2
[2017-01-16 11:22:24] EDIT K2/controllers/k2.py: 0
[2017-01-16 11:23:17] EDIT K2/controllers/k2.py: 1
[2017-01-16 11:23:31] EDIT K2/controllers/k2.py: 1
[2017-01-16 11:23:58] EDIT K2/controllers/k2.py: -1
[2017-01-16 11:25:32] EDIT K2/controllers/k2.py: 2
[2017-01-16 11:25:49] EDIT K2/controllers/k2.py: 1
[2017-01-16 11:25:57] EDIT K2/controllers/k2.py: 0
[2017-01-16 11:26:06] EDIT K2/controllers/k2.py: 1
[2017-01-16 11:26:56] EDIT K2/controllers/k2.py: 1
[2017-01-16 11:27:09] EDIT K2/controllers/k2.py: 0
[2017-01-16 11:27:25] EDIT K2/controllers/k2.py: 0
[2017-01-16 11:28:06] EDIT K2/controllers/k2.py: 1
[2017-01-16 11:46:47] EDIT K2/controllers/k2.py: 1
[2017-01-16 11:46:49] EDIT K2/controllers/k2.py: 0
[2017-01-16 11:46:59] EDIT K2/controllers/k2.py: 1
[2017-01-16 11:47:12] EDIT K2/controllers/k2.py: 1
[2017-01-16 11:47:32] EDIT K2/controllers/k2.py: 0
[2017-01-16 11:55:47] EDIT K2/controllers/k2.py: 0
[2017-01-16 11:55:54] EDIT K2/controllers/k2.py: 0
[2017-01-16 11:58:07] EDIT K2/controllers/k2.py: 1
[2017-01-16 11:58:41] EDIT K2/controllers/k2.py: 0
[2017-01-16 11:59:44] EDIT K2/controllers/k2.py: 1
[2017-01-16 12:00:43] EDIT K2/controllers/k2.py: 1
[2017-01-16 12:01:18] EDIT K2/controllers/k2.py: 1
[2017-01-16 12:02:29] EDIT K2/controllers/k2.py: 1
[2017-01-16 12:02:55] EDIT K2/controllers/k2.py: 0
[2017-01-16 12:03:34] EDIT K2/controllers/k2.py: 0
[2017-01-16 12:04:22] EDIT K2/controllers/k2.py: 0
[2017-01-16 12:04:44] EDIT K2/controllers/k2.py: 0
[2017-01-16 12:07:16] EDIT K2/controllers/k2.py: 0
[2017-01-16 12:08:37] EDIT K2/controllers/k2.py: 1
[2017-01-16 12:08:54] EDIT K2/controllers/k2.py: 0
[2017-01-16 12:09:46] EDIT K2/controllers/k2.py: 1
[2017-01-16 12:10:24] EDIT K2/controllers/k2.py: 0
[2017-01-16 12:10:39] EDIT K2/controllers/k2.py: 1
[2017-01-16 12:10:47] EDIT K2/controllers/k2.py: 0
[2017-01-16 12:11:08] EDIT K2/controllers/k2.py: 0
[2017-01-16 12:11:29] EDIT K2/controllers/k2.py: 0
[2017-01-16 12:11:49] EDIT K2/controllers/k2.py: 0
[2017-01-16 12:14:03] EDIT K2/controllers/k2.py: 4
[2017-01-16 12:16:22] EDIT K2/controllers/k2.py: 4
[2017-01-16 12:17:15] EDIT K2/controllers/k2.py: 1
[2017-01-16 12:17:22] EDIT K2/controllers/k2.py: 0
[2017-01-16 12:17:35] EDIT K2/controllers/k2.py: 1
[2017-01-16 12:18:12] EDIT K2/controllers/k2.py: 0
[2017-01-16 12:19:00] EDIT K2/controllers/k2.py: 0
[2017-01-16 12:19:16] EDIT K2/controllers/k2.py: 0
[2017-01-16 12:26:31] EDIT K2/controllers/k2.py: 5
[2017-01-16 12:26:40] EDIT K2/controllers/k2.py: 0
[2017-01-16 12:30:59] EDIT K2/controllers/k2.py: 5
[2017-01-16 12:31:18] EDIT K2/controllers/k2.py: 0
[2017-01-16 12:32:09] EDIT K2/controllers/k2.py: 1
[2017-01-16 12:32:41] EDIT K2/controllers/k2.py: 0
[2017-01-16 12:33:21] EDIT K2/controllers/k2.py: 0
[2017-01-16 12:34:09] EDIT K2/controllers/k2.py: 1
[2017-01-16 12:35:45] EDIT K2/controllers/k2.py: 0
[2017-01-16 12:36:12] EDIT K2/controllers/k2.py: 0
[2017-01-16 12:36:42] EDIT K2/controllers/k2.py: 0
[2017-01-16 12:37:14] EDIT K2/controllers/k2.py: 0
[2017-01-16 12:37:51] EDIT K2/controllers/k2.py: 0
[2017-01-16 12:38:46] EDIT K2/controllers/k2.py: 0
[2017-01-16 12:38:57] EDIT K2/controllers/k2.py: 0
[2017-01-16 12:41:04] EDIT K2/controllers/k2.py: 1
[2017-01-16 13:12:22] EDIT K2/controllers/k2.py: 2
[2017-01-16 13:34:54] EDIT K2/controllers/k2.py: 13
[2017-01-16 13:35:10] EDIT K2/controllers/k2.py: -1
[2017-01-16 13:42:11] EDIT K2/controllers/k2.py: 0
[2017-01-16 13:45:37] EDIT K2/controllers/k2.py: 2
[2017-01-16 13:47:08] EDIT K2/controllers/k2.py: 1
[2017-01-16 13:57:43] EDIT K2/controllers/k2.py: 1
[2017-01-16 15:28:59] EDIT K2/controllers/k2.py: 20
[2017-01-16 15:32:02] EDIT K2/controllers/k2.py: 0
[2017-01-16 15:49:44] EDIT K2/controllers/k2.py: 1
[2017-01-16 15:49:51] EDIT K2/controllers/k2.py: 0
[2017-01-16 15:50:03] EDIT K2/controllers/k2.py: 0
[2017-01-16 15:50:52] EDIT K2/controllers/k2.py: 0
[2017-01-16 15:51:31] EDIT K2/controllers/k2.py: 0
[2017-01-16 15:51:52] EDIT K2/controllers/k2.py: 0
[2017-01-16 15:52:26] EDIT K2/controllers/k2.py: 2
[2017-01-16 15:52:29] EDIT K2/controllers/k2.py: 0
[2017-01-16 15:52:45] EDIT K2/controllers/k2.py: 0
[2017-01-16 15:53:14] EDIT K2/controllers/k2.py: 0
[2017-01-16 15:54:41] EDIT K2/controllers/k2.py: 0
[2017-01-16 15:55:23] EDIT K2/controllers/k2.py: 0
[2017-01-16 15:56:14] EDIT K2/controllers/k2.py: 0
[2017-01-16 15:56:52] EDIT K2/controllers/k2.py: 1
[2017-01-16 15:57:29] EDIT K2/controllers/k2.py: 0
[2017-01-16 15:58:15] EDIT K2/controllers/k2.py: 0
[2017-01-16 16:01:08] EDIT K2/controllers/k2.py: 0
[2017-01-16 16:01:37] EDIT K2/controllers/k2.py: 0
[2017-01-16 16:05:00] EDIT K2/controllers/k2.py: 0
[2017-01-16 16:06:08] EDIT K2/controllers/k2.py: 0
[2017-01-16 18:17:29] EDIT K2/controllers/k2.py: 0
[2017-01-16 18:19:14] EDIT K2/controllers/k2.py: 0
[2017-01-16 18:19:22] EDIT K2/controllers/k2.py: 0
[2017-01-16 18:19:43] EDIT K2/controllers/k2.py: 0
[2017-01-16 18:19:58] EDIT K2/controllers/k2.py: 0
[2017-01-16 18:20:02] EDIT K2/controllers/k2.py: 0
[2017-01-16 18:20:04] EDIT K2/controllers/k2.py: 0
[2017-01-18 16:31:25] EDIT K2/controllers/k2.py: 3
[2017-01-18 16:37:34] EDIT K2/controllers/k2.py: 7
[2017-01-18 16:38:27] EDIT K2/controllers/k2.py: 0
[2017-01-18 16:38:42] EDIT K2/controllers/k2.py: -1
[2017-01-18 16:38:45] EDIT K2/controllers/k2.py: 0
[2017-01-18 16:39:12] EDIT K2/controllers/k2.py: 0
[2017-01-18 16:43:54] EDIT K2/controllers/k2.py: 0
[2017-01-18 16:45:56] EDIT K2/controllers/k2.py: 1
[2017-01-18 16:46:52] EDIT K2/controllers/k2.py: 0
[2017-01-18 17:49:06] EDIT K2/controllers/k2.py: 5
[2017-01-18 17:52:29] CREATE community.py: 0
[2017-01-18 17:52:47] EDIT K2/controllers/community.py: 8
[2017-01-18 17:53:40] EDIT K2/models/db.py: 1
[2017-01-18 17:54:03] EDIT K2/controllers/community.py: 14
[2017-01-18 17:56:08] EDIT K2/controllers/community.py: 0
[2017-01-18 17:56:47] EDIT K2/controllers/community.py: 0
[2017-01-18 17:57:01] EDIT K2/controllers/community.py: 0
[2017-01-18 17:57:09] CREATE post.py: 0
[2017-01-18 17:57:26] EDIT K2/models/post.py: 24
[2017-01-18 17:58:37] EDIT K2/controllers/community.py: 8
[2017-01-18 17:58:44] EDIT K2/controllers/community.py: 0
[2017-01-18 17:59:31] EDIT K2/controllers/community.py: 0
[2017-01-18 17:59:39] EDIT K2/controllers/community.py: 0
[2017-01-18 18:00:20] EDIT K2/controllers/community.py: 2
[2017-01-18 18:16:22] EDIT K2/controllers/community.py: 1
[2017-01-18 18:26:29] EDIT K2/controllers/k2.py: -46
[2017-01-18 18:26:42] EDIT K2/controllers/k2.py: 0
[2017-01-18 18:26:57] EDIT K2/controllers/k2.py: 2
[2017-01-18 18:27:15] EDIT K2/controllers/k2.py: 1
[2017-01-19 11:39:56] EDIT K2/controllers/community.py: 1
[2017-01-19 12:08:15] EDIT kayoo/controllers/community.py: 1
[2017-01-19 12:09:57] EDIT kayoo/controllers/community.py: -1
[2017-01-19 12:10:02] EDIT kayoo/modules/http/http_exception.py: 0
[2017-01-19 13:03:11] EDIT kayoo/models/db.py: 1
[2017-01-19 13:03:15] EDIT kayoo/controllers/community.py: 0
[2017-01-19 13:07:38] EDIT kayoo/controllers/community.py: -1
[2017-01-20 12:35:34] EDIT kayoo/controllers/community.py: 3
[2017-01-20 12:36:02] EDIT kayoo/controllers/community.py: 0
[2017-01-20 12:36:18] EDIT kayoo/controllers/community.py: 0
[2017-01-20 12:36:19] EDIT kayoo/controllers/community.py: 0
[2017-01-20 12:36:33] EDIT kayoo/controllers/community.py: 0
[2017-01-20 12:38:29] EDIT kayoo/controllers/community.py: 0
[2017-01-20 12:42:37] EDIT kayoo/controllers/community.py: 2
[2017-01-20 12:43:15] EDIT kayoo/controllers/community.py: 0
[2017-01-20 12:43:42] EDIT kayoo/controllers/community.py: 1
[2017-01-20 12:44:46] EDIT kayoo/controllers/community.py: -1
[2017-01-20 12:44:48] EDIT kayoo/controllers/community.py: 0
[2017-01-20 12:45:23] EDIT kayoo/controllers/community.py: 1
[2017-01-20 12:46:09] EDIT kayoo/controllers/community.py: -1
[2017-01-20 12:46:16] EDIT kayoo/controllers/community.py: 1
[2017-01-20 12:46:43] EDIT kayoo/controllers/community.py: 1
[2017-01-20 12:47:12] EDIT kayoo/controllers/community.py: 0
[2017-01-20 12:48:16] EDIT kayoo/controllers/community.py: -1
[2017-01-20 13:51:25] EDIT kayoo/controllers/community.py: 1
[2017-01-20 13:52:18] EDIT kayoo/controllers/community.py: 0
[2017-01-20 13:52:23] EDIT kayoo/controllers/community.py: 0
[2017-01-20 13:54:29] EDIT kayoo/controllers/community.py: 1
[2017-01-20 13:54:58] EDIT kayoo/controllers/community.py: 1
[2017-01-20 13:55:27] EDIT kayoo/controllers/community.py: -1
[2017-01-20 13:55:54] EDIT kayoo/controllers/community.py: 0
[2017-01-20 13:56:35] EDIT kayoo/controllers/community.py: 0
[2017-01-20 13:58:14] EDIT kayoo/controllers/community.py: 0
[2017-01-20 13:58:42] EDIT kayoo/controllers/community.py: 0
[2017-01-20 13:59:09] EDIT kayoo/controllers/community.py: 2
[2017-01-20 14:00:32] EDIT kayoo/controllers/community.py: -2
[2017-01-20 14:00:56] EDIT kayoo/controllers/community.py: 0
[2017-01-20 14:01:00] EDIT kayoo/controllers/community.py: 0
[2017-01-20 14:01:14] EDIT kayoo/controllers/community.py: 0
[2017-01-20 14:01:31] EDIT kayoo/controllers/community.py: 0
[2017-01-20 14:01:48] EDIT kayoo/controllers/community.py: 1
[2017-01-20 14:02:59] EDIT kayoo/controllers/community.py: 0
[2017-01-20 14:03:20] EDIT kayoo/controllers/community.py: 2
[2017-01-20 14:04:07] EDIT kayoo/controllers/community.py: 0
[2017-01-20 14:04:16] EDIT kayoo/controllers/community.py: 0
[2017-01-20 14:05:11] EDIT kayoo/controllers/community.py: 1
[2017-01-20 14:05:59] EDIT kayoo/controllers/community.py: -3
[2017-01-20 14:06:34] EDIT kayoo/controllers/community.py: 0
[2017-01-20 14:07:03] EDIT kayoo/controllers/community.py: 0
[2017-01-20 14:11:59] EDIT kayoo/controllers/community.py: 0
[2017-01-20 14:12:50] EDIT kayoo/controllers/community.py: 0
[2017-01-20 14:13:12] EDIT kayoo/controllers/community.py: 0
[2017-01-20 14:13:41] EDIT kayoo/controllers/community.py: 0
[2017-01-20 14:14:02] EDIT kayoo/controllers/community.py: 1
[2017-01-20 14:14:06] EDIT kayoo/controllers/community.py: 0
[2017-01-20 14:15:02] EDIT kayoo/controllers/community.py: -1
[2017-01-20 14:15:59] EDIT kayoo/controllers/community.py: 1
[2017-01-20 14:18:26] EDIT kayoo/controllers/community.py: -3
[2017-01-20 14:19:18] EDIT kayoo/controllers/community.py: 0
[2017-01-20 14:19:48] EDIT kayoo/controllers/community.py: 0
[2017-01-20 14:20:39] EDIT kayoo/controllers/community.py: 1
[2017-01-20 14:21:28] EDIT kayoo/controllers/community.py: 1
[2017-01-20 14:21:55] EDIT kayoo/controllers/community.py: 0
[2017-01-20 14:22:29] EDIT kayoo/controllers/community.py: -2
[2017-01-20 14:24:18] EDIT kayoo/controllers/community.py: 0
[2017-01-20 15:52:20] EDIT kayoo/controllers/community.py: 14
[2017-01-20 15:52:28] EDIT kayoo/controllers/community.py: 1
[2017-01-20 15:55:48] EDIT kayoo/controllers/community.py: 0
[2017-01-20 15:55:58] EDIT kayoo/controllers/community.py: 0
[2017-01-20 15:57:33] EDIT kayoo/controllers/community.py: 2
[2017-01-20 16:02:40] EDIT kayoo/controllers/community.py: 0
[2017-01-20 16:04:02] EDIT kayoo/controllers/community.py: 1
[2017-01-20 16:06:47] EDIT kayoo/controllers/community.py: -1
[2017-01-20 16:07:15] EDIT kayoo/controllers/community.py: 0
[2017-01-20 16:07:38] EDIT kayoo/controllers/community.py: 1
[2017-01-20 16:09:56] EDIT kayoo/controllers/community.py: -1
[2017-01-20 16:10:01] EDIT kayoo/controllers/community.py: 0
[2017-01-20 16:11:40] EDIT kayoo/controllers/community.py: 1
[2017-01-20 16:12:12] EDIT kayoo/controllers/community.py: -2
[2017-01-20 16:12:18] EDIT kayoo/controllers/community.py: 1
[2017-01-20 16:12:51] EDIT kayoo/controllers/community.py: 0
[2017-01-20 16:13:04] EDIT kayoo/controllers/community.py: 0
[2017-01-20 16:26:41] EDIT kayoo/controllers/community.py: 10
[2017-01-20 16:28:31] EDIT kayoo/controllers/community.py: 5
[2017-01-20 16:28:38] EDIT kayoo/controllers/community.py: 0
[2017-01-20 16:30:20] EDIT kayoo/controllers/community.py: 0
[2017-01-20 16:30:40] EDIT kayoo/controllers/community.py: 0
[2017-01-20 16:31:53] EDIT kayoo/controllers/community.py: 1
[2017-01-23 13:44:00] CREATE user.py: 0
[2017-01-23 13:48:01] EDIT kayoo/controllers/community.py: 0
[2017-01-23 13:48:10] EDIT kayoo/controllers/community.py: 0
[2017-01-23 13:49:36] EDIT kayoo/models/db.py: 1
[2017-01-23 16:05:40] EDIT kayoo/modules/http/http_method_constraint.py: 0
[2017-01-23 18:31:43] EDIT kayoo/controllers/community.py: 0
[2017-01-23 18:33:23] EDIT kayoo/controllers/community.py: 1
[2017-01-23 18:33:45] EDIT kayoo/controllers/community.py: 1
[2017-01-23 18:33:50] EDIT kayoo/controllers/community.py: 0
[2017-01-23 18:34:26] EDIT kayoo/controllers/community.py: 0
[2017-01-23 18:34:38] EDIT kayoo/controllers/community.py: 0
[2017-01-23 18:36:15] EDIT kayoo/models/db.py: 0
[2017-01-23 18:53:27] EDIT kayoo/modules/decorators/check_parameters.py: 0
[2017-01-23 18:54:05] EDIT kayoo/modules/decorators/check_parameters.py: 0
[2017-01-23 18:55:19] EDIT kayoo/modules/exceptions/check_exception.py: 0
[2017-01-23 19:13:08] EDIT kayoo/controllers/community.py: 0
[2017-01-23 19:18:36] EDIT kayoo/controllers/community.py: -1
[2017-01-23 19:18:41] EDIT kayoo/controllers/community.py: 1
[2017-01-23 19:18:42] EDIT kayoo/controllers/community.py: 0
[2017-01-23 19:19:20] EDIT kayoo/controllers/community.py: 0
[2017-01-23 19:19:34] EDIT kayoo/controllers/community.py: -1
[2017-01-23 19:19:47] EDIT kayoo/controllers/community.py: 1
[2017-01-23 19:49:55] EDIT kayoo/modules/decorators/check_parameters.py: -1
[2017-01-23 19:50:27] EDIT kayoo/modules/decorators/check_parameters.py: 0
[2017-01-23 19:50:58] EDIT kayoo/modules/decorators/check_parameters.py: 3
[2017-01-23 19:51:43] EDIT kayoo/modules/decorators/check_parameters.py: 0
[2017-01-23 19:52:00] EDIT kayoo/modules/decorators/check_parameters.py: 0
[2017-01-23 19:52:46] EDIT kayoo/modules/decorators/check_parameters.py: -1
[2017-01-23 19:53:19] EDIT kayoo/modules/decorators/check_parameters.py: 0
[2017-01-23 19:53:43] EDIT kayoo/modules/decorators/check_parameters.py: 0
[2017-01-23 19:53:46] EDIT kayoo/modules/decorators/check_parameters.py: 1
[2017-01-23 19:54:06] EDIT kayoo/modules/decorators/check_parameters.py: 0
[2017-01-23 19:54:10] EDIT kayoo/modules/decorators/check_parameters.py: 0
[2017-01-23 19:54:31] EDIT kayoo/modules/decorators/check_parameters.py: 0
[2017-01-23 19:54:34] EDIT kayoo/modules/decorators/check_parameters.py: 0
[2017-01-23 19:56:14] EDIT kayoo/modules/exceptions/check_exception.py: 0
[2017-01-23 19:56:20] EDIT kayoo/modules/decorators/check_parameters.py: 0
[2017-01-24 11:17:18] EDIT kayoo/controllers/community.py: -2
[2017-01-24 11:17:26] EDIT kayoo/controllers/community.py: 0
[2017-01-24 11:17:29] EDIT kayoo/controllers/community.py: 1
[2017-01-24 11:32:36] EDIT kayoo/controllers/community.py: 1
[2017-01-24 11:37:33] EDIT kayoo/modules/decorators/check_parameters.py: 3
[2017-01-24 11:37:53] EDIT kayoo/modules/decorators/check_parameters.py: 0
[2017-01-24 11:42:58] EDIT kayoo/modules/decorators/check_parameters.py: 0
[2017-01-24 11:43:36] EDIT kayoo/modules/decorators/check_parameters.py: 0
[2017-01-24 11:44:05] EDIT kayoo/modules/decorators/check_parameters.py: 0
[2017-01-24 11:44:15] EDIT kayoo/modules/decorators/check_parameters.py: -3
[2017-01-24 11:44:41] EDIT kayoo/modules/decorators/check_parameters.py: 0
[2017-01-24 11:44:51] EDIT kayoo/modules/decorators/check_parameters.py: 0
[2017-01-24 11:45:07] EDIT kayoo/modules/decorators/check_parameters.py: 0
[2017-01-24 11:50:01] EDIT kayoo/controllers/community.py: 0
[2017-01-24 14:40:02] EDIT kayoo/controllers/community.py: 1
[2017-01-24 14:40:30] EDIT kayoo/controllers/community.py: 2
[2017-01-24 14:40:52] EDIT kayoo/controllers/community.py: -3
[2017-01-24 14:45:50] EDIT kayoo/modules/core/core.py: 0
[2017-01-24 14:50:24] EDIT kayoo/controllers/community.py: 0
[2017-01-24 14:51:20] EDIT kayoo/modules/services/service_factory.py: 2
[2017-01-24 14:51:42] EDIT kayoo/modules/services/service_factory.py: 0
[2017-01-24 14:52:05] EDIT kayoo/modules/services/service_factory.py: 1
